app/build/intermediates/manifest_merge_blame_file/debug/processDebugMainManifest/manifest-merger-blame-debug-report.txt
1<?xml version="1.0" encoding="utf-8"?>
2<manifest xmlns:android="http://schemas.android.com/apk/res/android"
3    package="com.example.reminder"
4    android:versionCode="1"
5    android:versionName="1.0" >
6
7    <uses-sdk
7-->INJECTED
8        android:minSdkVersion="26"
8-->INJECTED
9        android:targetSdkVersion="35" />
9-->INJECTED
10
11    <uses-permission android:name="android.permission.SCHEDULE_EXACT_ALARM" />
11-->src/main/AndroidManifest.xml:4:5-79
11-->src/main/AndroidManifest.xml:4:22-76
12    <uses-permission android:name="android.permission.USE_EXACT_ALARM" />
12-->src/main/AndroidManifest.xml:5:5-74
12-->src/main/AndroidManifest.xml:5:22-71
13    <uses-permission android:name="android.permission.POST_NOTIFICATIONS" />
13-->src/main/AndroidManifest.xml:6:5-77
13-->src/main/AndroidManifest.xml:6:22-74
14    <uses-permission android:name="android.permission.USE_FULL_SCREEN_INTENT" />
14-->src/main/AndroidManifest.xml:7:5-81
14-->src/main/AndroidManifest.xml:7:22-78
15    <uses-permission android:name="android.permission.RECEIVE_BOOT_COMPLETED" />
15-->src/main/AndroidManifest.xml:8:5-81
15-->src/main/AndroidManifest.xml:8:22-78
16    <uses-permission android:name="android.permission.WAKE_LOCK" />
16-->src/main/AndroidManifest.xml:9:5-68
16-->src/main/AndroidManifest.xml:9:22-65
17    <uses-permission android:name="com.example.todolist.READ_TODO" />
17-->src/main/AndroidManifest.xml:10:5-70
17-->src/main/AndroidManifest.xml:10:22-67
18
19    <queries>
19-->src/main/AndroidManifest.xml:12:5-15:15
20        <package android:name="com.example.todolist" />
20-->src/main/AndroidManifest.xml:13:9-56
20-->src/main/AndroidManifest.xml:13:18-53
21
22        <provider android:authorities="com.example.todolist.provider" />
22-->src/main/AndroidManifest.xml:14:9-73
22-->src/main/AndroidManifest.xml:14:19-70
23    </queries>
24
25    <permission
25-->[androidx.core:core:1.10.1] AndroidManifest.xml:22:5-24:47
26        android:name="com.example.reminder.DYNAMIC_RECEIVER_NOT_EXPORTED_PERMISSION"
26-->[androidx.core:core:1.10.1] AndroidManifest.xml:23:9-81
27        android:protectionLevel="signature" />
27-->[androidx.core:core:1.10.1] AndroidManifest.xml:24:9-44
28
29    <uses-permission android:name="com.example.reminder.DYNAMIC_RECEIVER_NOT_EXPORTED_PERMISSION" />
29-->[androidx.core:core:1.10.1] AndroidManifest.xml:26:5-97
29-->[androidx.core:core:1.10.1] AndroidManifest.xml:26:22-94
30
31    <application
31-->src/main/AndroidManifest.xml:17:5-58:19
32        android:allowBackup="true"
32-->src/main/AndroidManifest.xml:18:9-35
33        android:appComponentFactory="androidx.core.app.CoreComponentFactory"
33-->[androidx.core:core:1.10.1] AndroidManifest.xml:28:18-86
34        android:debuggable="true"
35        android:extractNativeLibs="false"
35-->INJECTED
36        android:icon="@mipmap/ic_launcher"
36-->src/main/AndroidManifest.xml:19:9-43
37        android:label="Reminder"
37-->src/main/AndroidManifest.xml:20:9-33
38        android:roundIcon="@mipmap/ic_launcher_round"
38-->src/main/AndroidManifest.xml:21:9-54
39        android:supportsRtl="true"
39-->src/main/AndroidManifest.xml:22:9-35
40        android:theme="@style/Theme.Reminder" >
40-->src/main/AndroidManifest.xml:23:9-46
41        <activity
41-->src/main/AndroidManifest.xml:25:9-32:20
42            android:name="com.example.reminder.ui.MainActivity"
42-->src/main/AndroidManifest.xml:26:13-44
43            android:exported="true" >
43-->src/main/AndroidManifest.xml:27:13-36
44            <intent-filter>
44-->src/main/AndroidManifest.xml:28:13-31:29
45                <action android:name="android.intent.action.MAIN" />
45-->src/main/AndroidManifest.xml:29:17-69
45-->src/main/AndroidManifest.xml:29:25-66
46
47                <category android:name="android.intent.category.LAUNCHER" />
47-->src/main/AndroidManifest.xml:30:17-77
47-->src/main/AndroidManifest.xml:30:27-74
48            </intent-filter>
49        </activity>
50        <activity android:name="com.example.reminder.ui.AddPolicyActivity" />
50-->src/main/AndroidManifest.xml:34:9-58
50-->src/main/AndroidManifest.xml:34:19-55
51        <activity android:name="com.example.reminder.ui.LogActivity" />
51-->src/main/AndroidManifest.xml:35:9-52
51-->src/main/AndroidManifest.xml:35:19-49
52
53        <receiver android:name="com.example.reminder.ReminderReceiver" />
53-->src/main/AndroidManifest.xml:37:9-54
53-->src/main/AndroidManifest.xml:37:19-51
54        <receiver android:name="com.example.reminder.ActionReceiver" />
54-->src/main/AndroidManifest.xml:38:9-52
54-->src/main/AndroidManifest.xml:38:19-49
55        <receiver android:name="com.example.reminder.WatchdogReceiver" />
55-->src/main/AndroidManifest.xml:39:9-54
55-->src/main/AndroidManifest.xml:39:19-51
56        <receiver
56-->src/main/AndroidManifest.xml:40:9-46:20
57            android:name="com.example.reminder.BootReceiver"
57-->src/main/AndroidManifest.xml:41:13-41
58            android:exported="false" >
58-->src/main/AndroidManifest.xml:42:13-37
59            <intent-filter>
59-->src/main/AndroidManifest.xml:43:13-45:29
60                <action android:name="android.intent.action.BOOT_COMPLETED" />
60-->src/main/AndroidManifest.xml:44:17-79
60-->src/main/AndroidManifest.xml:44:25-76
61            </intent-filter>
62        </receiver>
63
64        <provider
64-->INJECTED
65            android:name="androidx.core.content.FileProvider"
65-->src/main/AndroidManifest.xml:49:13-62
66            android:authorities="com.example.reminder.fileprovider"
66-->INJECTED
67            android:exported="false"
67-->src/main/AndroidManifest.xml:51:13-37
68            android:grantUriPermissions="true" >
68-->src/main/AndroidManifest.xml:52:13-47
69            <meta-data
69-->src/main/AndroidManifest.xml:53:13-55:54
70                android:name="android.support.FILE_PROVIDER_PATHS"
70-->src/main/AndroidManifest.xml:54:17-67
71                android:resource="@xml/file_paths" />
71-->src/main/AndroidManifest.xml:55:17-51
72        </provider>
73        <provider
73-->[androidx.emoji2:emoji2:1.2.0] AndroidManifest.xml:24:9-32:20
74            android:name="androidx.startup.InitializationProvider"
74-->[androidx.emoji2:emoji2:1.2.0] AndroidManifest.xml:25:13-67
75            android:authorities="com.example.reminder.androidx-startup"
75-->[androidx.emoji2:emoji2:1.2.0] AndroidManifest.xml:26:13-68
76            android:exported="false" >
76-->[androidx.emoji2:emoji2:1.2.0] AndroidManifest.xml:27:13-37
77            <meta-data
77-->[androidx.emoji2:emoji2:1.2.0] AndroidManifest.xml:29:13-31:52
78                android:name="androidx.emoji2.text.EmojiCompatInitializer"
78-->[androidx.emoji2:emoji2:1.2.0] AndroidManifest.xml:30:17-75
79                android:value="androidx.startup" />
79-->[androidx.emoji2:emoji2:1.2.0] AndroidManifest.xml:31:17-49
80            <meta-data
80-->[androidx.lifecycle:lifecycle-process:2.6.1] AndroidManifest.xml:29:13-31:52
81                android:name="androidx.lifecycle.ProcessLifecycleInitializer"
81-->[androidx.lifecycle:lifecycle-process:2.6.1] AndroidManifest.xml:30:17-78
82                android:value="androidx.startup" />
82-->[androidx.lifecycle:lifecycle-process:2.6.1] AndroidManifest.xml:31:17-49
83            <meta-data
83-->[androidx.profileinstaller:profileinstaller:1.3.0] AndroidManifest.xml:29:13-31:52
84                android:name="androidx.profileinstaller.ProfileInstallerInitializer"
84-->[androidx.profileinstaller:profileinstaller:1.3.0] AndroidManifest.xml:30:17-85
85                android:value="androidx.startup" />
85-->[androidx.profileinstaller:profileinstaller:1.3.0] AndroidManifest.xml:31:17-49
86        </provider>
87
88        <uses-library
88-->[androidx.window:window:1.0.0] AndroidManifest.xml:25:9-27:40
89            android:name="androidx.window.extensions"
89-->[androidx.window:window:1.0.0] AndroidManifest.xml:26:13-54
90            android:required="false" />
90-->[androidx.window:window:1.0.0] AndroidManifest.xml:27:13-37
91        <uses-library
91-->[androidx.window:window:1.0.0] AndroidManifest.xml:28:9-30:40
92            android:name="androidx.window.sidecar"
92-->[androidx.window:window:1.0.0] AndroidManifest.xml:29:13-51
93            android:required="false" />
93-->[androidx.window:window:1.0.0] AndroidManifest.xml:30:13-37
94
95        <service
95-->[androidx.room:room-runtime-android:2.8.4] AndroidManifest.xml:24:9-28:63
96            android:name="androidx.room.MultiInstanceInvalidationService"
96-->[androidx.room:room-runtime-android:2.8.4] AndroidManifest.xml:25:13-74
97            android:directBootAware="true"
97-->[androidx.room:room-runtime-android:2.8.4] AndroidManifest.xml:26:13-43
98            android:exported="false" />
98-->[androidx.room:room-runtime-android:2.8.4] AndroidManifest.xml:27:13-37
99
100        <receiver
100-->[androidx.profileinstaller:profileinstaller:1.3.0] AndroidManifest.xml:34:9-52:20
101            android:name="androidx.profileinstaller.ProfileInstallReceiver"
101-->[androidx.profileinstaller:profileinstaller:1.3.0] AndroidManifest.xml:35:13-76
102            android:directBootAware="false"
102-->[androidx.profileinstaller:profileinstaller:1.3.0] AndroidManifest.xml:36:13-44
103            android:enabled="true"
103-->[androidx.profileinstaller:profileinstaller:1.3.0] AndroidManifest.xml:37:13-35
104            android:exported="true"
104-->[androidx.profileinstaller:profileinstaller:1.3.0] AndroidManifest.xml:38:13-36
105            android:permission="android.permission.DUMP" >
105-->[androidx.profileinstaller:profileinstaller:1.3.0] AndroidManifest.xml:39:13-57
106            <intent-filter>
106-->[androidx.profileinstaller:profileinstaller:1.3.0] AndroidManifest.xml:40:13-42:29
107                <action android:name="androidx.profileinstaller.action.INSTALL_PROFILE" />
107-->[androidx.profileinstaller:profileinstaller:1.3.0] AndroidManifest.xml:41:17-91
107-->[androidx.profileinstaller:profileinstaller:1.3.0] AndroidManifest.xml:41:25-88
108            </intent-filter>
109            <intent-filter>
109-->[androidx.profileinstaller:profileinstaller:1.3.0] AndroidManifest.xml:43:13-45:29
110                <action android:name="androidx.profileinstaller.action.SKIP_FILE" />
110-->[androidx.profileinstaller:profileinstaller:1.3.0] AndroidManifest.xml:44:17-85
110-->[androidx.profileinstaller:profileinstaller:1.3.0] AndroidManifest.xml:44:25-82
111            </intent-filter>
112            <intent-filter>
112-->[androidx.profileinstaller:profileinstaller:1.3.0] AndroidManifest.xml:46:13-48:29
113                <action android:name="androidx.profileinstaller.action.SAVE_PROFILE" />
113-->[androidx.profileinstaller:profileinstaller:1.3.0] AndroidManifest.xml:47:17-88
113-->[androidx.profileinstaller:profileinstaller:1.3.0] AndroidManifest.xml:47:25-85
114            </intent-filter>
115            <intent-filter>
115-->[androidx.profileinstaller:profileinstaller:1.3.0] AndroidManifest.xml:49:13-51:29
116                <action android:name="androidx.profileinstaller.action.BENCHMARK_OPERATION" />
116-->[androidx.profileinstaller:profileinstaller:1.3.0] AndroidManifest.xml:50:17-95
116-->[androidx.profileinstaller:profileinstaller:1.3.0] AndroidManifest.xml:50:25-92
117            </intent-filter>
118        </receiver>
119    </application>
120
121</manifest>